# JRE version: OpenJDK Runtime Environment Temurin-21.0.8+9 (21.0.8+9) (build 21.0.8+9-LTS)
# Java VM: OpenJDK 64-Bit Server VM Temurin-21.0.8+9 (21.0.8+9-LTS, mixed mode, sharing, tiered, compressed oops, compressed class ptrs, parallel gc, windows-amd64)
GC Precious Log:
 CardTable entry size: 512
 CPUs: 8 total, 8 available
 Memory: 7971M
 Large Page Support: Disabled
 NUMA Support: Disabled
 Compressed Oops: Enabled (32-bit)
 Alignments: Space 512K, Generation 512K, Heap 2M
 Heap Min Capacity: 100M
 Heap Initial Capacity: 100M
 Heap Max Capacity: 2G
 Pre-touch: Disabled
 Parallel Workers: 8
Heap:
 PSYoungGen      total 23040K, used 6039K [0x00000000d5580000, 0x00000000d7000000, 0x0000000100000000)
  eden space 22016K, 24% used [0x00000000d5580000,0x00000000d5adf6a8,0x00000000d6b00000)
  from space 1024K, 52% used [0x00000000d6f00000,0x00000000d6f865b0,0x00000000d7000000)
  to   space 1024K, 0% used [0x00000000d6e00000,0x00000000d6e00000,0x00000000d6f00000)
 ParOldGen       total 68608K, used 22470K [0x0000000080000000, 0x0000000084300000, 0x00000000d5580000)
  object space 68608K, 32% used [0x0000000080000000,0x00000000815f1bb8,0x0000000084300000)
 Metaspace       used 45486K, committed 46592K, reserved 1114112K
  class space    used 4970K, committed 5440K, reserved 1048576K
GC Heap History (20 events):
Event: 3.772 GC heap before
{Heap before GC invocations=11 (full 1):
 PSYoungGen      total 24064K, used 23990K [0x00000000d5580000, 0x00000000d7580000, 0x0000000100000000)
  eden space 23552K, 100% used [0x00000000d5580000,0x00000000d6c80000,0x00000000d6c80000)
  from space 512K, 85% used [0x00000000d6f00000,0x00000000d6f6d8b8,0x00000000d6f80000)
  to   space 2048K, 0% used [0x00000000d7380000,0x00000000d7380000,0x00000000d7580000)
 ParOldGen       total 68608K, used 12785K [0x0000000080000000, 0x0000000084300000, 0x00000000d5580000)
  object space 68608K, 18% used [0x0000000080000000,0x0000000080c7c498,0x0000000084300000)
 Metaspace       used 25807K, committed 26624K, reserved 1114112K
  class space    used 2501K, committed 2880K, reserved 1048576K
}
Event: 3.774 GC heap after
{Heap after GC invocations=11 (full 1):
 PSYoungGen      total 25088K, used 1936K [0x00000000d5580000, 0x00000000d7580000, 0x0000000100000000)
  eden space 23040K, 0% used [0x00000000d5580000,0x00000000d5580000,0x00000000d6c00000)
  from space 2048K, 94% used [0x00000000d7380000,0x00000000d7564178,0x00000000d7580000)
  to   space 2560K, 0% used [0x00000000d7080000,0x00000000d7080000,0x00000000d7300000)
 ParOldGen       total 68608K, used 13574K [0x0000000080000000, 0x0000000084300000, 0x00000000d5580000)
  object space 68608K, 19% used [0x0000000080000000,0x0000000080d419a8,0x0000000084300000)
 Metaspace       used 25807K, committed 26624K, reserved 1114112K
  class space    used 2501K, committed 2880K, reserved 1048576K
}
Event: 4.311 GC heap before
{Heap before GC invocations=12 (full 1):
 PSYoungGen      total 25088K, used 24976K [0x00000000d5580000, 0x00000000d7580000, 0x0000000100000000)
  eden space 23040K, 100% used [0x00000000d5580000,0x00000000d6c00000,0x00000000d6c00000)
  from space 2048K, 94% used [0x00000000d7380000,0x00000000d7564178,0x00000000d7580000)
  to   space 2560K, 0% used [0x00000000d7080000,0x00000000d7080000,0x00000000d7300000)
 ParOldGen       total 68608K, used 13574K [0x0000000080000000, 0x0000000084300000, 0x00000000d5580000)
  object space 68608K, 19% used [0x0000000080000000,0x0000000080d419a8,0x0000000084300000)
 Metaspace       used 29686K, committed 30592K, reserved 1114112K
  class space    used 2924K, committed 3328K, reserved 1048576K
}
Event: 4.313 GC heap after
{Heap after GC invocations=12 (full 1):
 PSYoungGen      total 24576K, used 1915K [0x00000000d5580000, 0x00000000d7400000, 0x0000000100000000)
  eden space 22528K, 0% used [0x00000000d5580000,0x00000000d5580000,0x00000000d6b80000)
  from space 2048K, 93% used [0x00000000d7080000,0x00000000d725ee18,0x00000000d7280000)
  to   space 1536K, 0% used [0x00000000d7280000,0x00000000d7280000,0x00000000d7400000)
 ParOldGen       total 68608K, used 15356K [0x0000000080000000, 0x0000000084300000, 0x00000000d5580000)
  object space 68608K, 22% used [0x0000000080000000,0x0000000080eff0f0,0x0000000084300000)
 Metaspace       used 29686K, committed 30592K, reserved 1114112K
  class space    used 2924K, committed 3328K, reserved 1048576K
}
Event: 4.400 GC heap before
{Heap before GC invocations=13 (full 1):
 PSYoungGen      total 24576K, used 24443K [0x00000000d5580000, 0x00000000d7400000, 0x0000000100000000)
  eden space 22528K, 100% used [0x00000000d5580000,0x00000000d6b80000,0x00000000d6b80000)
  from space 2048K, 93% used [0x00000000d7080000,0x00000000d725ee18,0x00000000d7280000)
  to   space 1536K, 0% used [0x00000000d7280000,0x00000000d7280000,0x00000000d7400000)
 ParOldGen       total 68608K, used 15356K [0x0000000080000000, 0x0000000084300000, 0x00000000d5580000)
  object space 68608K, 22% used [0x0000000080000000,0x0000000080eff0f0,0x0000000084300000)
 Metaspace       used 32705K, committed 33792K, reserved 1114112K
  class space    used 3321K, committed 3776K, reserved 1048576K
}
Event: 4.403 GC heap after
{Heap after GC invocations=13 (full 1):
 PSYoungGen      total 23552K, used 1526K [0x00000000d5580000, 0x00000000d7400000, 0x0000000100000000)
  eden space 22016K, 0% used [0x00000000d5580000,0x00000000d5580000,0x00000000d6b00000)
  from space 1536K, 99% used [0x00000000d7280000,0x00000000d73fd880,0x00000000d7400000)
  to   space 3584K, 0% used [0x00000000d6d00000,0x00000000d6d00000,0x00000000d7080000)
 ParOldGen       total 68608K, used 17114K [0x0000000080000000, 0x0000000084300000, 0x00000000d5580000)
  object space 68608K, 24% used [0x0000000080000000,0x00000000810b6878,0x0000000084300000)
 Metaspace       used 32705K, committed 33792K, reserved 1114112K
  class space    used 3321K, committed 3776K, reserved 1048576K
}
Event: 4.625 GC heap before
{Heap before GC invocations=14 (full 1):
 PSYoungGen      total 23552K, used 22837K [0x00000000d5580000, 0x00000000d7400000, 0x0000000100000000)
  eden space 22016K, 96% used [0x00000000d5580000,0x00000000d6a4fd48,0x00000000d6b00000)
  from space 1536K, 99% used [0x00000000d7280000,0x00000000d73fd880,0x00000000d7400000)
  to   space 3584K, 0% used [0x00000000d6d00000,0x00000000d6d00000,0x00000000d7080000)
 ParOldGen       total 68608K, used 17114K [0x0000000080000000, 0x0000000084300000, 0x00000000d5580000)
  object space 68608K, 24% used [0x0000000080000000,0x00000000810b6878,0x0000000084300000)
 Metaspace       used 34835K, committed 35840K, reserved 1114112K
  class space    used 3637K, committed 4096K, reserved 1048576K
}
Event: 4.627 GC heap after
{Heap after GC invocations=14 (full 1):
 PSYoungGen      total 25600K, used 1117K [0x00000000d5580000, 0x00000000d7300000, 0x0000000100000000)
  eden space 22016K, 0% used [0x00000000d5580000,0x00000000d5580000,0x00000000d6b00000)
  from space 3584K, 31% used [0x00000000d6d00000,0x00000000d6e17680,0x00000000d7080000)
  to   space 2048K, 0% used [0x00000000d7100000,0x00000000d7100000,0x00000000d7300000)
 ParOldGen       total 68608K, used 18282K [0x0000000080000000, 0x0000000084300000, 0x00000000d5580000)
  object space 68608K, 26% used [0x0000000080000000,0x00000000811da878,0x0000000084300000)
 Metaspace       used 34835K, committed 35840K, reserved 1114112K
  class space    used 3637K, committed 4096K, reserved 1048576K
}
Event: 4.627 GC heap before
{Heap before GC invocations=15 (full 2):
 PSYoungGen      total 25600K, used 1117K [0x00000000d5580000, 0x00000000d7300000, 0x0000000100000000)
  eden space 22016K, 0% used [0x00000000d5580000,0x00000000d5580000,0x00000000d6b00000)
  from space 3584K, 31% used [0x00000000d6d00000,0x00000000d6e17680,0x00000000d7080000)
  to   space 2048K, 0% used [0x00000000d7100000,0x00000000d7100000,0x00000000d7300000)
 ParOldGen       total 68608K, used 18282K [0x0000000080000000, 0x0000000084300000, 0x00000000d5580000)
  object space 68608K, 26% used [0x0000000080000000,0x00000000811da878,0x0000000084300000)
 Metaspace       used 34835K, committed 35840K, reserved 1114112K
  class space    used 3637K, committed 4096K, reserved 1048576K
}
Event: 4.669 GC heap after
{Heap after GC invocations=15 (full 2):
 PSYoungGen      total 25600K, used 0K [0x00000000d5580000, 0x00000000d7300000, 0x0000000100000000)
  eden space 22016K, 0% used [0x00000000d5580000,0x00000000d5580000,0x00000000d6b00000)
  from space 3584K, 0% used [0x00000000d6d00000,0x00000000d6d00000,0x00000000d7080000)
  to   space 2048K, 0% used [0x00000000d7100000,0x00000000d7100000,0x00000000d7300000)
 ParOldGen       total 68608K, used 18509K [0x0000000080000000, 0x0000000084300000, 0x00000000d5580000)
  object space 68608K, 26% used [0x0000000080000000,0x0000000081213490,0x0000000084300000)
 Metaspace       used 34832K, committed 35840K, reserved 1114112K
  class space    used 3636K, committed 4096K, reserved 1048576K
}
Event: 4.976 GC heap before
{Heap before GC invocations=16 (full 2):
 PSYoungGen      total 25600K, used 22016K [0x00000000d5580000, 0x00000000d7300000, 0x0000000100000000)
  eden space 22016K, 100% used [0x00000000d5580000,0x00000000d6b00000,0x00000000d6b00000)
  from space 3584K, 0% used [0x00000000d6d00000,0x00000000d6d00000,0x00000000d7080000)
  to   space 2048K, 0% used [0x00000000d7100000,0x00000000d7100000,0x00000000d7300000)
 ParOldGen       total 68608K, used 18509K [0x0000000080000000, 0x0000000084300000, 0x00000000d5580000)
  object space 68608K, 26% used [0x0000000080000000,0x0000000081213490,0x0000000084300000)
 Metaspace       used 36521K, committed 37568K, reserved 1114112K
  class space    used 3857K, committed 4288K, reserved 1048576K
}
Event: 4.978 GC heap after
{Heap after GC invocations=16 (full 2):
 PSYoungGen      total 23040K, used 1024K [0x00000000d5580000, 0x00000000d7200000, 0x0000000100000000)
  eden space 22016K, 0% used [0x00000000d5580000,0x00000000d5580000,0x00000000d6b00000)
  from space 1024K, 100% used [0x00000000d7100000,0x00000000d7200000,0x00000000d7200000)
  to   space 1536K, 0% used [0x00000000d6f00000,0x00000000d6f00000,0x00000000d7080000)
 ParOldGen       total 68608K, used 18517K [0x0000000080000000, 0x0000000084300000, 0x00000000d5580000)
  object space 68608K, 26% used [0x0000000080000000,0x0000000081215490,0x0000000084300000)
 Metaspace       used 36521K, committed 37568K, reserved 1114112K
  class space    used 3857K, committed 4288K, reserved 1048576K
}
Event: 5.327 GC heap before
{Heap before GC invocations=17 (full 2):
 PSYoungGen      total 23040K, used 23040K [0x00000000d5580000, 0x00000000d7200000, 0x0000000100000000)
  eden space 22016K, 100% used [0x00000000d5580000,0x00000000d6b00000,0x00000000d6b00000)
  from space 1024K, 100% used [0x00000000d7100000,0x00000000d7200000,0x00000000d7200000)
  to   space 1536K, 0% used [0x00000000d6f00000,0x00000000d6f00000,0x00000000d7080000)
 ParOldGen       total 68608K, used 18517K [0x0000000080000000, 0x0000000084300000, 0x00000000d5580000)
  object space 68608K, 26% used [0x0000000080000000,0x0000000081215490,0x0000000084300000)
 Metaspace       used 38853K, committed 39936K, reserved 1114112K
  class space    used 4158K, committed 4608K, reserved 1048576K
}
Event: 5.330 GC heap after
{Heap after GC invocations=17 (full 2):
 PSYoungGen      total 23552K, used 896K [0x00000000d5580000, 0x00000000d7180000, 0x0000000100000000)
  eden space 22016K, 0% used [0x00000000d5580000,0x00000000d5580000,0x00000000d6b00000)
  from space 1536K, 58% used [0x00000000d6f00000,0x00000000d6fe0000,0x00000000d7080000)
  to   space 1024K, 0% used [0x00000000d7080000,0x00000000d7080000,0x00000000d7180000)
 ParOldGen       total 68608K, used 19349K [0x0000000080000000, 0x0000000084300000, 0x00000000d5580000)
  object space 68608K, 28% used [0x0000000080000000,0x00000000812e54a0,0x0000000084300000)
 Metaspace       used 38853K, committed 39936K, reserved 1114112K
  class space    used 4158K, committed 4608K, reserved 1048576K
}
Event: 5.928 GC heap before
{Heap before GC invocations=18 (full 2):
 PSYoungGen      total 23552K, used 22912K [0x00000000d5580000, 0x00000000d7180000, 0x0000000100000000)
  eden space 22016K, 100% used [0x00000000d5580000,0x00000000d6b00000,0x00000000d6b00000)
  from space 1536K, 58% used [0x00000000d6f00000,0x00000000d6fe0000,0x00000000d7080000)
  to   space 1024K, 0% used [0x00000000d7080000,0x00000000d7080000,0x00000000d7180000)
 ParOldGen       total 68608K, used 19349K [0x0000000080000000, 0x0000000084300000, 0x00000000d5580000)
  object space 68608K, 28% used [0x0000000080000000,0x00000000812e54a0,0x0000000084300000)
 Metaspace       used 41538K, committed 42688K, reserved 1114112K
  class space    used 4521K, committed 4992K, reserved 1048576K
}
Event: 5.931 GC heap after
{Heap after GC invocations=18 (full 2):
 PSYoungGen      total 23040K, used 1024K [0x00000000d5580000, 0x00000000d7180000, 0x0000000100000000)
  eden space 22016K, 0% used [0x00000000d5580000,0x00000000d5580000,0x00000000d6b00000)
  from space 1024K, 100% used [0x00000000d7080000,0x00000000d7180000,0x00000000d7180000)
  to   space 2560K, 0% used [0x00000000d6c80000,0x00000000d6c80000,0x00000000d6f00000)
 ParOldGen       total 68608K, used 20424K [0x0000000080000000, 0x0000000084300000, 0x00000000d5580000)
  object space 68608K, 29% used [0x0000000080000000,0x00000000813f21d0,0x0000000084300000)
 Metaspace       used 41538K, committed 42688K, reserved 1114112K
  class space    used 4521K, committed 4992K, reserved 1048576K
}
Event: 6.493 GC heap before
{Heap before GC invocations=19 (full 2):
 PSYoungGen      total 23040K, used 23040K [0x00000000d5580000, 0x00000000d7180000, 0x0000000100000000)
  eden space 22016K, 100% used [0x00000000d5580000,0x00000000d6b00000,0x00000000d6b00000)
  from space 1024K, 100% used [0x00000000d7080000,0x00000000d7180000,0x00000000d7180000)
  to   space 2560K, 0% used [0x00000000d6c80000,0x00000000d6c80000,0x00000000d6f00000)
 ParOldGen       total 68608K, used 20424K [0x0000000080000000, 0x0000000084300000, 0x00000000d5580000)
  object space 68608K, 29% used [0x0000000080000000,0x00000000813f21d0,0x0000000084300000)
 Metaspace       used 44213K, committed 45312K, reserved 1114112K
  class space    used 4834K, committed 5312K, reserved 1048576K
}
Event: 6.498 GC heap after
{Heap after GC invocations=19 (full 2):
 PSYoungGen      total 24576K, used 1241K [0x00000000d5580000, 0x00000000d7100000, 0x0000000100000000)
  eden space 22016K, 0% used [0x00000000d5580000,0x00000000d5580000,0x00000000d6b00000)
  from space 2560K, 48% used [0x00000000d6c80000,0x00000000d6db65e0,0x00000000d6f00000)
  to   space 2048K, 0% used [0x00000000d6f00000,0x00000000d6f00000,0x00000000d7100000)
 ParOldGen       total 68608K, used 21452K [0x0000000080000000, 0x0000000084300000, 0x00000000d5580000)
  object space 68608K, 31% used [0x0000000080000000,0x00000000814f31e0,0x0000000084300000)
 Metaspace       used 44213K, committed 45312K, reserved 1114112K
  class space    used 4834K, committed 5312K, reserved 1048576K
}
Event: 7.120 GC heap before
{Heap before GC invocations=20 (full 2):
 PSYoungGen      total 24576K, used 23257K [0x00000000d5580000, 0x00000000d7100000, 0x0000000100000000)
  eden space 22016K, 99% used [0x00000000d5580000,0x00000000d6afffb8,0x00000000d6b00000)
  from space 2560K, 48% used [0x00000000d6c80000,0x00000000d6db65e0,0x00000000d6f00000)
  to   space 2048K, 0% used [0x00000000d6f00000,0x00000000d6f00000,0x00000000d7100000)
 ParOldGen       total 68608K, used 21452K [0x0000000080000000, 0x0000000084300000, 0x00000000d5580000)
  object space 68608K, 31% used [0x0000000080000000,0x00000000814f31e0,0x0000000084300000)
 Metaspace       used 44953K, committed 46080K, reserved 1114112K
  class space    used 4899K, committed 5376K, reserved 1048576K
}
Event: 7.122 GC heap after
{Heap after GC invocations=20 (full 2):
 PSYoungGen      total 23040K, used 537K [0x00000000d5580000, 0x00000000d7000000, 0x0000000100000000)
  eden space 22016K, 0% used [0x00000000d5580000,0x00000000d5580000,0x00000000d6b00000)
  from space 1024K, 52% used [0x00000000d6f00000,0x00000000d6f865b0,0x00000000d7000000)
  to   space 1024K, 0% used [0x00000000d6e00000,0x00000000d6e00000,0x00000000d6f00000)
 ParOldGen       total 68608K, used 22470K [0x0000000080000000, 0x0000000084300000, 0x00000000d5580000)
  object space 68608K, 32% used [0x0000000080000000,0x00000000815f1bb8,0x0000000084300000)
 Metaspace       used 44953K, committed 46080K, reserved 1114112K
  class space    used 4899K, committed 5376K, reserved 1048576K
}

