# JRE version: OpenJDK Runtime Environment Temurin-21.0.8+9 (21.0.8+9) (build 21.0.8+9-LTS)
# Java VM: OpenJDK 64-Bit Server VM Temurin-21.0.8+9 (21.0.8+9-LTS, mixed mode, sharing, tiered, compressed oops, compressed class ptrs, parallel gc, windows-amd64)
GC Precious Log:
 CardTable entry size: 512
 CPUs: 8 total, 8 available
 Memory: 7971M
 Large Page Support: Disabled
 NUMA Support: Disabled
 Compressed Oops: Enabled (32-bit)
 Alignments: Space 512K, Generation 512K, Heap 2M
 Heap Min Capacity: 100M
 Heap Initial Capacity: 100M
 Heap Max Capacity: 2G
 Pre-touch: Disabled
 Parallel Workers: 8
Heap:
 PSYoungGen      total 39424K, used 37449K [0x00000000d5580000, 0x00000000d9000000, 0x0000000100000000)
  eden space 22016K, 93% used [0x00000000d5580000,0x00000000d6982790,0x00000000d6b00000)
  from space 17408K, 97% used [0x00000000d7f00000,0x00000000d8f90000,0x00000000d9000000)
  to   space 17920K, 0% used [0x00000000d6d00000,0x00000000d6d00000,0x00000000d7e80000)
 ParOldGen       total 81920K, used 81570K [0x0000000080000000, 0x0000000085000000, 0x00000000d5580000)
  object space 81920K, 99% used [0x0000000080000000,0x0000000084fa8820,0x0000000085000000)
 Metaspace       used 51519K, committed 52736K, reserved 1114112K
  class space    used 5649K, committed 6144K, reserved 1048576K
GC Heap History (20 events):
Event: 15.965 GC heap before
{Heap before GC invocations=17 (full 2):
 PSYoungGen      total 22528K, used 22528K [0x00000000d5580000, 0x00000000d7280000, 0x0000000100000000)
  eden space 22016K, 100% used [0x00000000d5580000,0x00000000d6b00000,0x00000000d6b00000)
  from space 512K, 100% used [0x00000000d7200000,0x00000000d7280000,0x00000000d7280000)
  to   space 2048K, 0% used [0x00000000d6e80000,0x00000000d6e80000,0x00000000d7080000)
 ParOldGen       total 68608K, used 19287K [0x0000000080000000, 0x0000000084300000, 0x00000000d5580000)
  object space 68608K, 28% used [0x0000000080000000,0x00000000812d5c98,0x0000000084300000)
 Metaspace       used 39135K, committed 40192K, reserved 1114112K
  class space    used 4126K, committed 4544K, reserved 1048576K
}
Event: 15.970 GC heap after
{Heap after GC invocations=17 (full 2):
 PSYoungGen      total 24064K, used 768K [0x00000000d5580000, 0x00000000d7280000, 0x0000000100000000)
  eden space 22016K, 0% used [0x00000000d5580000,0x00000000d5580000,0x00000000d6b00000)
  from space 2048K, 37% used [0x00000000d6e80000,0x00000000d6f40000,0x00000000d7080000)
  to   space 1536K, 0% used [0x00000000d7100000,0x00000000d7100000,0x00000000d7280000)
 ParOldGen       total 68608K, used 19818K [0x0000000080000000, 0x0000000084300000, 0x00000000d5580000)
  object space 68608K, 28% used [0x0000000080000000,0x000000008135a828,0x0000000084300000)
 Metaspace       used 39135K, committed 40192K, reserved 1114112K
  class space    used 4126K, committed 4544K, reserved 1048576K
}
Event: 16.520 GC heap before
{Heap before GC invocations=18 (full 2):
 PSYoungGen      total 24064K, used 22784K [0x00000000d5580000, 0x00000000d7280000, 0x0000000100000000)
  eden space 22016K, 100% used [0x00000000d5580000,0x00000000d6b00000,0x00000000d6b00000)
  from space 2048K, 37% used [0x00000000d6e80000,0x00000000d6f40000,0x00000000d7080000)
  to   space 1536K, 0% used [0x00000000d7100000,0x00000000d7100000,0x00000000d7280000)
 ParOldGen       total 68608K, used 19818K [0x0000000080000000, 0x0000000084300000, 0x00000000d5580000)
  object space 68608K, 28% used [0x0000000080000000,0x000000008135a828,0x0000000084300000)
 Metaspace       used 41756K, committed 42816K, reserved 1114112K
  class space    used 4495K, committed 4928K, reserved 1048576K
}
Event: 16.522 GC heap after
{Heap after GC invocations=18 (full 2):
 PSYoungGen      total 23040K, used 906K [0x00000000d5580000, 0x00000000d7200000, 0x0000000100000000)
  eden space 22016K, 0% used [0x00000000d5580000,0x00000000d5580000,0x00000000d6b00000)
  from space 1024K, 88% used [0x00000000d7100000,0x00000000d71e2b48,0x00000000d7200000)
  to   space 1024K, 0% used [0x00000000d7000000,0x00000000d7000000,0x00000000d7100000)
 ParOldGen       total 68608K, used 20382K [0x0000000080000000, 0x0000000084300000, 0x00000000d5580000)
  object space 68608K, 29% used [0x0000000080000000,0x00000000813e7838,0x0000000084300000)
 Metaspace       used 41756K, committed 42816K, reserved 1114112K
  class space    used 4495K, committed 4928K, reserved 1048576K
}
Event: 17.272 GC heap before
{Heap before GC invocations=19 (full 2):
 PSYoungGen      total 23040K, used 22922K [0x00000000d5580000, 0x00000000d7200000, 0x0000000100000000)
  eden space 22016K, 100% used [0x00000000d5580000,0x00000000d6b00000,0x00000000d6b00000)
  from space 1024K, 88% used [0x00000000d7100000,0x00000000d71e2b48,0x00000000d7200000)
  to   space 1024K, 0% used [0x00000000d7000000,0x00000000d7000000,0x00000000d7100000)
 ParOldGen       total 68608K, used 20382K [0x0000000080000000, 0x0000000084300000, 0x00000000d5580000)
  object space 68608K, 29% used [0x0000000080000000,0x00000000813e7838,0x0000000084300000)
 Metaspace       used 44086K, committed 45120K, reserved 1114112K
  class space    used 4771K, committed 5184K, reserved 1048576K
}
Event: 17.274 GC heap after
{Heap after GC invocations=19 (full 2):
 PSYoungGen      total 23040K, used 1024K [0x00000000d5580000, 0x00000000d7180000, 0x0000000100000000)
  eden space 22016K, 0% used [0x00000000d5580000,0x00000000d5580000,0x00000000d6b00000)
  from space 1024K, 100% used [0x00000000d7000000,0x00000000d7100000,0x00000000d7100000)
  to   space 512K, 0% used [0x00000000d7100000,0x00000000d7100000,0x00000000d7180000)
 ParOldGen       total 68608K, used 21112K [0x0000000080000000, 0x0000000084300000, 0x00000000d5580000)
  object space 68608K, 30% used [0x0000000080000000,0x000000008149e390,0x0000000084300000)
 Metaspace       used 44086K, committed 45120K, reserved 1114112K
  class space    used 4771K, committed 5184K, reserved 1048576K
}
Event: 18.195 GC heap before
{Heap before GC invocations=20 (full 2):
 PSYoungGen      total 23040K, used 23038K [0x00000000d5580000, 0x00000000d7180000, 0x0000000100000000)
  eden space 22016K, 99% used [0x00000000d5580000,0x00000000d6affac0,0x00000000d6b00000)
  from space 1024K, 100% used [0x00000000d7000000,0x00000000d7100000,0x00000000d7100000)
  to   space 512K, 0% used [0x00000000d7100000,0x00000000d7100000,0x00000000d7180000)
 ParOldGen       total 68608K, used 21112K [0x0000000080000000, 0x0000000084300000, 0x00000000d5580000)
  object space 68608K, 30% used [0x0000000080000000,0x000000008149e390,0x0000000084300000)
 Metaspace       used 46900K, committed 47936K, reserved 1114112K
  class space    used 5158K, committed 5568K, reserved 1048576K
}
Event: 18.198 GC heap after
{Heap after GC invocations=20 (full 2):
 PSYoungGen      total 22528K, used 512K [0x00000000d5580000, 0x00000000d7180000, 0x0000000100000000)
  eden space 22016K, 0% used [0x00000000d5580000,0x00000000d5580000,0x00000000d6b00000)
  from space 512K, 100% used [0x00000000d7100000,0x00000000d7180000,0x00000000d7180000)
  to   space 2560K, 0% used [0x00000000d6c80000,0x00000000d6c80000,0x00000000d6f00000)
 ParOldGen       total 68608K, used 22990K [0x0000000080000000, 0x0000000084300000, 0x00000000d5580000)
  object space 68608K, 33% used [0x0000000080000000,0x00000000816739a8,0x0000000084300000)
 Metaspace       used 46900K, committed 47936K, reserved 1114112K
  class space    used 5158K, committed 5568K, reserved 1048576K
}
Event: 21.477 GC heap before
{Heap before GC invocations=21 (full 2):
 PSYoungGen      total 22528K, used 22528K [0x00000000d5580000, 0x00000000d7180000, 0x0000000100000000)
  eden space 22016K, 100% used [0x00000000d5580000,0x00000000d6b00000,0x00000000d6b00000)
  from space 512K, 100% used [0x00000000d7100000,0x00000000d7180000,0x00000000d7180000)
  to   space 2560K, 0% used [0x00000000d6c80000,0x00000000d6c80000,0x00000000d6f00000)
 ParOldGen       total 68608K, used 22990K [0x0000000080000000, 0x0000000084300000, 0x00000000d5580000)
  object space 68608K, 33% used [0x0000000080000000,0x00000000816739a8,0x0000000084300000)
 Metaspace       used 49332K, committed 50560K, reserved 1114112K
  class space    used 5430K, committed 5952K, reserved 1048576K
}
Event: 21.482 GC heap after
{Heap after GC invocations=21 (full 2):
 PSYoungGen      total 24576K, used 2089K [0x00000000d5580000, 0x00000000d7180000, 0x0000000100000000)
  eden space 22016K, 0% used [0x00000000d5580000,0x00000000d5580000,0x00000000d6b00000)
  from space 2560K, 81% used [0x00000000d6c80000,0x00000000d6e8a5f0,0x00000000d6f00000)
  to   space 2560K, 0% used [0x00000000d6f00000,0x00000000d6f00000,0x00000000d7180000)
 ParOldGen       total 68608K, used 23510K [0x0000000080000000, 0x0000000084300000, 0x00000000d5580000)
  object space 68608K, 34% used [0x0000000080000000,0x00000000816f59b8,0x0000000084300000)
 Metaspace       used 49332K, committed 50560K, reserved 1114112K
  class space    used 5430K, committed 5952K, reserved 1048576K
}
Event: 22.104 GC heap before
{Heap before GC invocations=22 (full 2):
 PSYoungGen      total 24576K, used 24105K [0x00000000d5580000, 0x00000000d7180000, 0x0000000100000000)
  eden space 22016K, 100% used [0x00000000d5580000,0x00000000d6b00000,0x00000000d6b00000)
  from space 2560K, 81% used [0x00000000d6c80000,0x00000000d6e8a5f0,0x00000000d6f00000)
  to   space 2560K, 0% used [0x00000000d6f00000,0x00000000d6f00000,0x00000000d7180000)
 ParOldGen       total 68608K, used 23510K [0x0000000080000000, 0x0000000084300000, 0x00000000d5580000)
  object space 68608K, 34% used [0x0000000080000000,0x00000000816f59b8,0x0000000084300000)
 Metaspace       used 50224K, committed 51392K, reserved 1114112K
  class space    used 5521K, committed 6016K, reserved 1048576K
}
Event: 22.107 GC heap after
{Heap after GC invocations=22 (full 2):
 PSYoungGen      total 22528K, used 480K [0x00000000d5580000, 0x00000000d6f80000, 0x0000000100000000)
  eden space 22016K, 0% used [0x00000000d5580000,0x00000000d5580000,0x00000000d6b00000)
  from space 512K, 93% used [0x00000000d6f00000,0x00000000d6f78000,0x00000000d6f80000)
  to   space 1536K, 0% used [0x00000000d6c80000,0x00000000d6c80000,0x00000000d6e00000)
 ParOldGen       total 68608K, used 25417K [0x0000000080000000, 0x0000000084300000, 0x00000000d5580000)
  object space 68608K, 37% used [0x0000000080000000,0x00000000818d2640,0x0000000084300000)
 Metaspace       used 50224K, committed 51392K, reserved 1114112K
  class space    used 5521K, committed 6016K, reserved 1048576K
}
Event: 22.416 GC heap before
{Heap before GC invocations=23 (full 2):
 PSYoungGen      total 22528K, used 19464K [0x00000000d5580000, 0x00000000d6f80000, 0x0000000100000000)
  eden space 22016K, 86% used [0x00000000d5580000,0x00000000d680a1c0,0x00000000d6b00000)
  from space 512K, 93% used [0x00000000d6f00000,0x00000000d6f78000,0x00000000d6f80000)
  to   space 1536K, 0% used [0x00000000d6c80000,0x00000000d6c80000,0x00000000d6e00000)
 ParOldGen       total 68608K, used 25417K [0x0000000080000000, 0x0000000084300000, 0x00000000d5580000)
  object space 68608K, 37% used [0x0000000080000000,0x00000000818d2640,0x0000000084300000)
 Metaspace       used 50852K, committed 52032K, reserved 1114112K
  class space    used 5597K, committed 6080K, reserved 1048576K
}
Event: 22.421 GC heap after
{Heap after GC invocations=23 (full 2):
 PSYoungGen      total 23552K, used 472K [0x00000000d5580000, 0x00000000d6f80000, 0x0000000100000000)
  eden space 22016K, 0% used [0x00000000d5580000,0x00000000d5580000,0x00000000d6b00000)
  from space 1536K, 30% used [0x00000000d6c80000,0x00000000d6cf61a8,0x00000000d6e00000)
  to   space 1024K, 0% used [0x00000000d6e80000,0x00000000d6e80000,0x00000000d6f80000)
 ParOldGen       total 68608K, used 36063K [0x0000000080000000, 0x0000000084300000, 0x00000000d5580000)
  object space 68608K, 52% used [0x0000000080000000,0x0000000082337da0,0x0000000084300000)
 Metaspace       used 50852K, committed 52032K, reserved 1114112K
  class space    used 5597K, committed 6080K, reserved 1048576K
}
Event: 22.511 GC heap before
{Heap before GC invocations=24 (full 2):
 PSYoungGen      total 23552K, used 22488K [0x00000000d5580000, 0x00000000d6f80000, 0x0000000100000000)
  eden space 22016K, 100% used [0x00000000d5580000,0x00000000d6b00000,0x00000000d6b00000)
  from space 1536K, 30% used [0x00000000d6c80000,0x00000000d6cf61a8,0x00000000d6e00000)
  to   space 1024K, 0% used [0x00000000d6e80000,0x00000000d6e80000,0x00000000d6f80000)
 ParOldGen       total 68608K, used 62392K [0x0000000080000000, 0x0000000084300000, 0x00000000d5580000)
  object space 68608K, 90% used [0x0000000080000000,0x0000000083cee350,0x0000000084300000)
 Metaspace       used 50864K, committed 52032K, reserved 1114112K
  class space    used 5600K, committed 6080K, reserved 1048576K
}
Event: 22.514 GC heap after
{Heap after GC invocations=24 (full 2):
 PSYoungGen      total 23040K, used 1024K [0x00000000d5580000, 0x00000000d7100000, 0x0000000100000000)
  eden space 22016K, 0% used [0x00000000d5580000,0x00000000d5580000,0x00000000d6b00000)
  from space 1024K, 100% used [0x00000000d6e80000,0x00000000d6f80000,0x00000000d6f80000)
  to   space 3072K, 0% used [0x00000000d6b00000,0x00000000d6b00000,0x00000000d6e00000)
 ParOldGen       total 68608K, used 63930K [0x0000000080000000, 0x0000000084300000, 0x00000000d5580000)
  object space 68608K, 93% used [0x0000000080000000,0x0000000083e6e820,0x0000000084300000)
 Metaspace       used 50864K, committed 52032K, reserved 1114112K
  class space    used 5600K, committed 6080K, reserved 1048576K
}
Event: 22.562 GC heap before
{Heap before GC invocations=25 (full 2):
 PSYoungGen      total 23040K, used 23040K [0x00000000d5580000, 0x00000000d7100000, 0x0000000100000000)
  eden space 22016K, 100% used [0x00000000d5580000,0x00000000d6b00000,0x00000000d6b00000)
  from space 1024K, 100% used [0x00000000d6e80000,0x00000000d6f80000,0x00000000d6f80000)
  to   space 3072K, 0% used [0x00000000d6b00000,0x00000000d6b00000,0x00000000d6e00000)
 ParOldGen       total 68608K, used 63930K [0x0000000080000000, 0x0000000084300000, 0x00000000d5580000)
  object space 68608K, 93% used [0x0000000080000000,0x0000000083e6e820,0x0000000084300000)
 Metaspace       used 50864K, committed 52032K, reserved 1114112K
  class space    used 5600K, committed 6080K, reserved 1048576K
}
Event: 22.574 GC heap after
{Heap after GC invocations=25 (full 2):
 PSYoungGen      total 25088K, used 3072K [0x00000000d5580000, 0x00000000d9300000, 0x0000000100000000)
  eden space 22016K, 0% used [0x00000000d5580000,0x00000000d5580000,0x00000000d6b00000)
  from space 3072K, 100% used [0x00000000d6b00000,0x00000000d6e00000,0x00000000d6e00000)
  to   space 20480K, 0% used [0x00000000d7f00000,0x00000000d7f00000,0x00000000d9300000)
 ParOldGen       total 78848K, used 78458K [0x0000000080000000, 0x0000000084d00000, 0x00000000d5580000)
  object space 78848K, 99% used [0x0000000080000000,0x0000000084c9e820,0x0000000084d00000)
 Metaspace       used 50864K, committed 52032K, reserved 1114112K
  class space    used 5600K, committed 6080K, reserved 1048576K
}
Event: 22.626 GC heap before
{Heap before GC invocations=26 (full 2):
 PSYoungGen      total 25088K, used 25088K [0x00000000d5580000, 0x00000000d9300000, 0x0000000100000000)
  eden space 22016K, 100% used [0x00000000d5580000,0x00000000d6b00000,0x00000000d6b00000)
  from space 3072K, 100% used [0x00000000d6b00000,0x00000000d6e00000,0x00000000d6e00000)
  to   space 20480K, 0% used [0x00000000d7f00000,0x00000000d7f00000,0x00000000d9300000)
 ParOldGen       total 78848K, used 78458K [0x0000000080000000, 0x0000000084d00000, 0x00000000d5580000)
  object space 78848K, 99% used [0x0000000080000000,0x0000000084c9e820,0x0000000084d00000)
 Metaspace       used 50864K, committed 52032K, reserved 1114112K
  class space    used 5600K, committed 6080K, reserved 1048576K
}
Event: 22.635 GC heap after
{Heap after GC invocations=26 (full 2):
 PSYoungGen      total 39424K, used 16960K [0x00000000d5580000, 0x00000000d9000000, 0x0000000100000000)
  eden space 22016K, 0% used [0x00000000d5580000,0x00000000d5580000,0x00000000d6b00000)
  from space 17408K, 97% used [0x00000000d7f00000,0x00000000d8f90000,0x00000000d9000000)
  to   space 17920K, 0% used [0x00000000d6d00000,0x00000000d6d00000,0x00000000d7e80000)
 ParOldGen       total 81920K, used 81570K [0x0000000080000000, 0x0000000085000000, 0x00000000d5580000)
  object space 81920K, 99% used [0x0000000080000000,0x0000000084fa8820,0x0000000085000000)
 Metaspace       used 50864K, committed 52032K, reserved 1114112K
  class space    used 5600K, committed 6080K, reserved 1048576K
}

